d:\programacion\practicas\practica 3\tema4inicial_vs19x64\tmp\debug\vc142.pdb
d:\programacion\practicas\practica 3\tema4inicial_vs19x64\tmp\debug\vc142.idb
d:\programacion\practicas\practica 3\tema4inicial_vs19x64\tmp\debug\pang.obj
d:\programacion\practicas\practica 3\tema4inicial_vs19x64\tmp\debug\mundo.obj
d:\programacion\practicas\practica 3\tema4inicial_vs19x64\tmp\debug\vector2d.obj
d:\programacion\practicas\practica 3\tema4inicial_vs19x64\tmp\debug\pared.obj
d:\programacion\practicas\practica 3\tema4inicial_vs19x64\tmp\debug\hombre.obj
d:\programacion\practicas\practica 3\tema4inicial_vs19x64\tmp\debug\esfera.obj
d:\programacion\practicas\practica 3\tema4inicial_vs19x64\tmp\debug\disparo.obj
d:\programacion\practicas\practica 3\tema4inicial_vs19x64\tmp\debug\caja.obj
d:\programacion\practicas\practica 3\tema4inicial_vs19x64\tmp\debug\bonus.obj
d:\programacion\practicas\practica 4\tema4inicial_vs19x64\tmp\debug\vc142.pdb
d:\programacion\practicas\practica 4\tema4inicial_vs19x64\tmp\debug\vc142.idb
d:\programacion\practicas\practica 4\tema4inicial_vs19x64\tmp\debug\vector2d.obj
d:\programacion\practicas\practica 4\tema4inicial_vs19x64\tmp\debug\mundo.obj
d:\programacion\practicas\practica 4\tema4inicial_vs19x64\tmp\debug\hombre.obj
d:\programacion\practicas\practica 4\tema4inicial_vs19x64\tmp\debug\disparo.obj
d:\programacion\practicas\practica 4\tema4inicial_vs19x64\tmp\debug\bonus.obj
d:\programacion\practicas\practica 4\tema4inicial_vs19x64\tmp\debug\pared.obj
d:\programacion\practicas\practica 4\tema4inicial_vs19x64\tmp\debug\esfera.obj
d:\programacion\practicas\practica 4\tema4inicial_vs19x64\tmp\debug\caja.obj
d:\programacion\practicas\practica 3\tema4inicial_vs19x64\bin\pang.exe
d:\programacion\practicas\practica 3\tema4inicial_vs19x64\bin\pang.ilk
d:\programacion\practicas\practica 3\tema4inicial_vs19x64\bin\pang.pdb
d:\programacion\practicas\practica 4\tema4inicial_vs19x64\tmp\debug\pang.obj
d:\programacion\practicas\practica 4\tema4inicial_vs19x64\bin\pang.pdb
d:\programacion\practicas\practica 4\tema4inicial_vs19x64\tmp\debug\pang.tlog\cl.command.1.tlog
d:\programacion\practicas\practica 4\tema4inicial_vs19x64\tmp\debug\pang.tlog\cl.read.1.tlog
d:\programacion\practicas\practica 4\tema4inicial_vs19x64\tmp\debug\pang.tlog\cl.write.1.tlog
d:\programacion\practicas\practica 4\tema4inicial_vs19x64\tmp\debug\pang.tlog\link-cvtres.read.1.tlog
d:\programacion\practicas\practica 4\tema4inicial_vs19x64\tmp\debug\pang.tlog\link-cvtres.write.1.tlog
d:\programacion\practicas\practica 4\tema4inicial_vs19x64\tmp\debug\pang.tlog\link-rc.read.1.tlog
d:\programacion\practicas\practica 4\tema4inicial_vs19x64\tmp\debug\pang.tlog\link-rc.write.1.tlog
d:\programacion\practicas\practica 4\tema4inicial_vs19x64\tmp\debug\pang.tlog\link.command.1.tlog
d:\programacion\practicas\practica 4\tema4inicial_vs19x64\tmp\debug\pang.tlog\link.read.1.tlog
d:\programacion\practicas\practica 4\tema4inicial_vs19x64\tmp\debug\pang.tlog\link.write.1.tlog
